Log file open, 09/19/20 10:07:01
LogInit: Display: Running engine for game: UnrealShooter
LogPlatformFile: Not using cached read wrapper
LogTaskGraph: Started task graph with 5 named threads and 14 total threads with 3 sets of task threads.
LogStats: Stats thread started at 0.199752
LogD3D11RHI: Loaded GFSDK_Aftermath_Lib.x64.dll
LogICUInternationalization: ICU TimeZone Detection - Raw Offset: -6:00, Platform Override: ''
LogPluginManager: Mounting plugin Paper2D
LogPluginManager: Mounting plugin AISupport
LogPluginManager: Mounting plugin LightPropagationVolume
LogPluginManager: Mounting plugin CameraShakePreviewer
LogPluginManager: Mounting plugin ActorLayerUtilities
LogPluginManager: Mounting plugin AnimationSharing
LogPluginManager: Mounting plugin CLionSourceCodeAccess
LogPluginManager: Mounting plugin CodeLiteSourceCodeAccess
LogPluginManager: Mounting plugin GitSourceControl
LogPluginManager: Mounting plugin KDevelopSourceCodeAccess
LogPluginManager: Mounting plugin NullSourceCodeAccess
LogPluginManager: Mounting plugin PerforceSourceControl
LogPluginManager: Mounting plugin PlasticSourceControl
LogPluginManager: Mounting plugin RiderSourceCodeAccess
LogPluginManager: Mounting plugin SubversionSourceControl
LogPluginManager: Mounting plugin UObjectPlugin
LogPluginManager: Mounting plugin VisualStudioCodeSourceCodeAccess
LogPluginManager: Mounting plugin VisualStudioSourceCodeAccess
LogPluginManager: Mounting plugin XCodeSourceCodeAccess
LogPluginManager: Mounting plugin AssetManagerEditor
LogPluginManager: Mounting plugin CryptoKeys
LogPluginManager: Mounting plugin CurveEditorTools
LogPluginManager: Mounting plugin DataValidation
LogPluginManager: Mounting plugin EditorScriptingUtilities
LogPluginManager: Mounting plugin FacialAnimation
LogPluginManager: Mounting plugin GameplayTagsEditor
LogPluginManager: Mounting plugin GeometryMode
LogPluginManager: Mounting plugin MacGraphicsSwitching
LogPluginManager: Mounting plugin MaterialAnalyzer
LogPluginManager: Mounting plugin MobileLauncherProfileWizard
LogPluginManager: Mounting plugin PluginBrowser
LogPluginManager: Mounting plugin SpeedTreeImporter
LogPluginManager: Mounting plugin DatasmithContent
LogPluginManager: Mounting plugin VariantManagerContent
LogPluginManager: Mounting plugin AlembicImporter
LogPluginManager: Mounting plugin AutomationUtils
LogPluginManager: Mounting plugin BackChannel
LogPluginManager: Mounting plugin ChaosCloth
LogPluginManager: Mounting plugin ChaosClothEditor
LogPluginManager: Mounting plugin ChaosEditor
LogPluginManager: Mounting plugin ChaosNiagara
LogPluginManager: Mounting plugin ChaosSolverPlugin
LogPluginManager: Mounting plugin CharacterAI
LogPluginManager: Mounting plugin GeometryCache
LogPluginManager: Mounting plugin GeometryCollectionPlugin
LogPluginManager: Mounting plugin GeometryProcessing
LogPluginManager: Mounting plugin PlanarCut
LogPluginManager: Mounting plugin PlatformCrypto
LogPluginManager: Mounting plugin ProxyLODPlugin
LogPluginManager: Mounting plugin SkeletalReduction
LogPluginManager: Mounting plugin Niagara
LogPluginManager: Mounting plugin MagicLeap
LogPluginManager: Mounting plugin MagicLeapLightEstimation
LogPluginManager: Mounting plugin MagicLeapMedia
LogPluginManager: Mounting plugin MagicLeapPassableWorld
LogPluginManager: Mounting plugin MLSDK
LogPluginManager: Mounting plugin AndroidMedia
LogPluginManager: Mounting plugin AvfMedia
LogPluginManager: Mounting plugin ImgMedia
LogPluginManager: Mounting plugin MediaCompositing
LogPluginManager: Mounting plugin MediaPlayerEditor
LogPluginManager: Mounting plugin WebMMedia
LogPluginManager: Mounting plugin WmfMedia
LogPluginManager: Mounting plugin MeshPainting
LogPluginManager: Mounting plugin TcpMessaging
LogPluginManager: Mounting plugin UdpMessaging
LogPluginManager: Mounting plugin ActorSequence
LogPluginManager: Mounting plugin LevelSequenceEditor
LogPluginManager: Mounting plugin MatineeToLevelSequence
LogPluginManager: Mounting plugin MovieRenderPipeline
LogPluginManager: Mounting plugin TemplateSequence
LogPluginManager: Mounting plugin NetcodeUnitTest
LogPluginManager: Mounting plugin NUTUnrealEngine4
LogPluginManager: Mounting plugin OnlineSubsystemGooglePlay
LogPluginManager: Mounting plugin OnlineSubsystemIOS
LogPluginManager: Mounting plugin OnlineSubsystem
LogPluginManager: Mounting plugin OnlineSubsystemNull
LogPluginManager: Mounting plugin OnlineSubsystemUtils
LogPluginManager: Mounting plugin LauncherChunkInstaller
LogPluginManager: Mounting plugin AndroidDeviceProfileSelector
LogPluginManager: Mounting plugin AndroidMoviePlayer
LogPluginManager: Mounting plugin AndroidPermission
LogPluginManager: Mounting plugin AppleImageUtils
LogPluginManager: Mounting plugin AppleMoviePlayer
LogPluginManager: Mounting plugin ArchVisCharacter
LogPluginManager: Mounting plugin AssetTags
LogPluginManager: Mounting plugin AudioCapture
LogPluginManager: Mounting plugin CableComponent
LogPluginManager: Mounting plugin CustomMeshComponent
LogPluginManager: Mounting plugin EditableMesh
LogPluginManager: Mounting plugin ExampleDeviceProfileSelector
LogPluginManager: Mounting plugin GoogleCloudMessaging
LogPluginManager: Mounting plugin GooglePAD
LogPluginManager: Mounting plugin IOSDeviceProfileSelector
LogPluginManager: Mounting plugin LinuxDeviceProfileSelector
LogPluginManager: Mounting plugin LocationServicesBPLibrary
LogPluginManager: Mounting plugin MobilePatchingUtils
LogPluginManager: Mounting plugin OculusVR
LogPluginManager: Mounting plugin PhysXVehicles
LogPluginManager: Mounting plugin PostSplashScreen
LogPluginManager: Mounting plugin ProceduralMeshComponent
LogPluginManager: Mounting plugin RuntimePhysXCooking
LogPluginManager: Mounting plugin SignificanceManager
LogPluginManager: Mounting plugin SoundFields
LogPluginManager: Mounting plugin SteamVR
LogPluginManager: Mounting plugin Synthesis
LogPluginManager: Mounting plugin WebMMoviePlayer
LogPluginManager: Mounting plugin WindowsMoviePlayer
LogPluginManager: Mounting plugin ScreenshotTools
LogInit: Using libcurl 7.55.1-DEV
LogInit:  - built for x86_64-pc-win32
LogInit:  - supports SSL with OpenSSL/1.1.1
LogInit:  - supports HTTP deflate (compression) using libz 1.2.8
LogInit:  - other features:
LogInit:      CURL_VERSION_SSL
LogInit:      CURL_VERSION_LIBZ
LogInit:      CURL_VERSION_IPV6
LogInit:      CURL_VERSION_ASYNCHDNS
LogInit:      CURL_VERSION_LARGEFILE
LogInit:      CURL_VERSION_IDN
LogInit:  CurlRequestOptions (configurable via config and command line):
LogInit:  - bVerifyPeer = true  - Libcurl will verify peer certificate
LogInit:  - bUseHttpProxy = false  - Libcurl will NOT use HTTP proxy
LogInit:  - bDontReuseConnections = false  - Libcurl will reuse connections
LogInit:  - MaxHostConnections = 16  - Libcurl will limit the number of connections to a host
LogInit:  - LocalHostAddr = Default
LogInit:  - BufferSize = 65536
LogOnline: OSS: Creating online subsystem instance for: NULL
LogInit: WinSock: version 1.1 (2.2), MaxSocks=32767, MaxUdp=65467
LogOnline: OSS: TryLoadSubsystemAndSetDefault: Loaded subsystem for module [NULL]
LogInit: Build: ++UE4+Release-4.25-CL-13942748
LogInit: Engine Version: 4.25.3-13942748+++UE4+Release-4.25
LogInit: Compatible Engine Version: 4.25.0-13144385+++UE4+Release-4.25
LogInit: Net CL: 13144385
LogInit: OS: Windows 10 (Release 1903) (), CPU: Intel(R) Core(TM) i5-4570 CPU @ 3.20GHz, GPU: NVIDIA GeForce GTX 670
LogInit: Compiled (64-bit): Jul 25 2020 02:07:48
LogInit: Compiled with Visual C++: 19.24.28315.00
LogInit: Build Configuration: Development
LogInit: Branch Name: ++UE4+Release-4.25
LogInit: Command Line:  -EpicPortal -epicusername=ThunderDude1999 -epicuserid=781aeef3e49045af94abbb4012641896 -epiclocale=en
LogInit: Base Directory: C:/Program Files/Epic Games/UE_4.25/Engine/Binaries/Win64/
LogInit: Allocator: TBB
LogInit: Installed Engine Build: 1
LogDevObjectVersion: Number of dev versions registered: 26
LogDevObjectVersion:   Dev-Blueprints (B0D832E4-1F89-4F0D-ACCF-7EB736FD4AA2): 10
LogDevObjectVersion:   Dev-Build (E1C64328-A22C-4D53-A36C-8E866417BD8C): 0
LogDevObjectVersion:   Dev-Core (375EC13C-06E4-48FB-B500-84F0262A717E): 4
LogDevObjectVersion:   Dev-Editor (E4B068ED-F494-42E9-A231-DA0B2E46BB41): 38
LogDevObjectVersion:   Dev-Framework (CFFC743F-43B0-4480-9391-14DF171D2073): 37
LogDevObjectVersion:   Dev-Mobile (B02B49B5-BB20-44E9-A304-32B752E40360): 2
LogDevObjectVersion:   Dev-Networking (A4E4105C-59A1-49B5-A7C5-40C4547EDFEE): 0
LogDevObjectVersion:   Dev-Online (39C831C9-5AE6-47DC-9A44-9C173E1C8E7C): 0
LogDevObjectVersion:   Dev-Physics (78F01B33-EBEA-4F98-B9B4-84EACCB95AA2): 4
LogDevObjectVersion:   Dev-Platform (6631380F-2D4D-43E0-8009-CF276956A95A): 0
LogDevObjectVersion:   Dev-Rendering (12F88B9F-8875-4AFC-A67C-D90C383ABD29): 43
LogDevObjectVersion:   Dev-Sequencer (7B5AE74C-D270-4C10-A958-57980B212A5A): 12
LogDevObjectVersion:   Dev-VR (D7296918-1DD6-4BDD-9DE2-64A83CC13884): 3
LogDevObjectVersion:   Dev-LoadTimes (C2A15278-BFE7-4AFE-6C17-90FF531DF755): 1
LogDevObjectVersion:   Private-Geometry (6EACA3D4-40EC-4CC1-B786-8BED09428FC5): 3
LogDevObjectVersion:   Dev-AnimPhys (29E575DD-E0A3-4627-9D10-D276232CDCEA): 17
LogDevObjectVersion:   Dev-Anim (AF43A65D-7FD3-4947-9873-3E8ED9C1BB05): 7
LogDevObjectVersion:   Dev-ReflectionCapture (6B266CEC-1EC7-4B8F-A30B-E4D90942FC07): 1
LogDevObjectVersion:   Dev-Automation (0DF73D61-A23F-47EA-B727-89E90C41499A): 1
LogDevObjectVersion:   FortniteMain (601D1886-AC64-4F84-AA16-D3DE0DEAC7D6): 31
LogDevObjectVersion:   Dev-Enterprise (9DFFBCD6-494F-0158-E221-12823C92A888): 10
LogDevObjectVersion:   Dev-Niagara (F2AED0AC-9AFE-416F-8664-AA7FFA26D6FC): 1
LogDevObjectVersion:   Dev-Destruction (174F1F0B-B4C6-45A5-B13F-2EE8D0FB917D): 10
LogDevObjectVersion:   Dev-Physics-Ext (35F94A83-E258-406C-A318-09F59610247C): 37
LogDevObjectVersion:   Dev-PhysicsMaterial-Chaos (B68FC16E-8B1B-42E2-B453-215C058844FE): 1
LogDevObjectVersion:   Dev-CineCamera (B2E18506-4273-CFC2-A54E-F4BB758BBA07): 1
LogInit: Presizing for max 25165824 objects, including 0 objects not considered by GC, pre-allocating 0 bytes for permanent pool.
LogConfig: Applying CVar settings from Section [/Script/Engine.StreamingSettings] File [C:/Users/Brayden/Documents/unreal/FirstPersonShooter/UnrealFirstPersonShooter/UnrealShooter/Saved/Config/Windows/Engine.ini]
LogConfig: Setting CVar [[s.MinBulkDataSizeForAsyncLoading:131072]]
LogConfig: Setting CVar [[s.AsyncLoadingThreadEnabled:0]]
LogConfig: Setting CVar [[s.EventDrivenLoaderEnabled:1]]
LogConfig: Setting CVar [[s.WarnIfTimeLimitExceeded:0]]
LogConfig: Setting CVar [[s.TimeLimitExceededMultiplier:1.5]]
LogConfig: Setting CVar [[s.TimeLimitExceededMinTime:0.005]]
LogConfig: Setting CVar [[s.UseBackgroundLevelStreaming:1]]
LogConfig: Setting CVar [[s.PriorityAsyncLoadingExtraTime:15.0]]
LogConfig: Setting CVar [[s.LevelStreamingActorsUpdateTimeLimit:5.0]]
LogConfig: Setting CVar [[s.PriorityLevelStreamingActorsUpdateExtraTime:5.0]]
LogConfig: Setting CVar [[s.LevelStreamingComponentsRegistrationGranularity:10]]
LogConfig: Setting CVar [[s.UnregisterComponentsTimeLimit:1.0]]
LogConfig: Setting CVar [[s.LevelStreamingComponentsUnregistrationGranularity:5]]
LogConfig: Setting CVar [[s.FlushStreamingOnExit:1]]
LogInit: Object subsystem initialized
LogConfig: Setting CVar [[con.DebugEarlyDefault:1]]
LogConfig: Setting CVar [[r.setres:1280x720]]
[2020.09.19-15.07.01:665][  0]LogConfig: Setting CVar [[r.VSync:0]]
[2020.09.19-15.07.01:665][  0]LogConfig: Setting CVar [[r.RHICmdBypass:0]]
[2020.09.19-15.07.01:665][  0]LogConfig: Applying CVar settings from Section [/Script/Engine.RendererSettings] File [C:/Users/Brayden/Documents/unreal/FirstPersonShooter/UnrealFirstPersonShooter/UnrealShooter/Saved/Config/Windows/Engine.ini]
[2020.09.19-15.07.01:665][  0]LogConfig: Setting CVar [[r.GPUCrashDebugging:0]]
[2020.09.19-15.07.01:665][  0]LogConfig: Applying CVar settings from Section [/Script/Engine.RendererOverrideSettings] File [C:/Users/Brayden/Documents/unreal/FirstPersonShooter/UnrealFirstPersonShooter/UnrealShooter/Saved/Config/Windows/Engine.ini]
[2020.09.19-15.07.01:665][  0]LogConfig: Applying CVar settings from Section [/Script/Engine.StreamingSettings] File [C:/Users/Brayden/Documents/unreal/FirstPersonShooter/UnrealFirstPersonShooter/UnrealShooter/Saved/Config/Windows/Engine.ini]
[2020.09.19-15.07.01:665][  0]LogConfig: Setting CVar [[s.MinBulkDataSizeForAsyncLoading:131072]]
[2020.09.19-15.07.01:665][  0]LogConfig: Setting CVar [[s.AsyncLoadingThreadEnabled:0]]
[2020.09.19-15.07.01:665][  0]LogConfig: Setting CVar [[s.EventDrivenLoaderEnabled:1]]
[2020.09.19-15.07.01:665][  0]LogConfig: Setting CVar [[s.WarnIfTimeLimitExceeded:0]]
[2020.09.19-15.07.01:665][  0]LogConfig: Setting CVar [[s.TimeLimitExceededMultiplier:1.5]]
[2020.09.19-15.07.01:665][  0]LogConfig: Setting CVar [[s.TimeLimitExceededMinTime:0.005]]
[2020.09.19-15.07.01:665][  0]LogConfig: Setting CVar [[s.UseBackgroundLevelStreaming:1]]
[2020.09.19-15.07.01:665][  0]LogConfig: Setting CVar [[s.PriorityAsyncLoadingExtraTime:15.0]]
[2020.09.19-15.07.01:665][  0]LogConfig: Setting CVar [[s.LevelStreamingActorsUpdateTimeLimit:5.0]]
[2020.09.19-15.07.01:665][  0]LogConfig: Setting CVar [[s.PriorityLevelStreamingActorsUpdateExtraTime:5.0]]
[2020.09.19-15.07.01:665][  0]LogConfig: Setting CVar [[s.LevelStreamingComponentsRegistrationGranularity:10]]
[2020.09.19-15.07.01:665][  0]LogConfig: Setting CVar [[s.UnregisterComponentsTimeLimit:1.0]]
[2020.09.19-15.07.01:665][  0]LogConfig: Setting CVar [[s.LevelStreamingComponentsUnregistrationGranularity:5]]
[2020.09.19-15.07.01:665][  0]LogConfig: Setting CVar [[s.FlushStreamingOnExit:1]]
[2020.09.19-15.07.01:665][  0]LogConfig: Applying CVar settings from Section [/Script/Engine.GarbageCollectionSettings] File [C:/Users/Brayden/Documents/unreal/FirstPersonShooter/UnrealFirstPersonShooter/UnrealShooter/Saved/Config/Windows/Engine.ini]
[2020.09.19-15.07.01:665][  0]LogConfig: Setting CVar [[gc.MaxObjectsNotConsideredByGC:1]]
[2020.09.19-15.07.01:665][  0]LogConfig: Setting CVar [[gc.SizeOfPermanentObjectPool:0]]
[2020.09.19-15.07.01:665][  0]LogConfig: Setting CVar [[gc.FlushStreamingOnGC:0]]
[2020.09.19-15.07.01:665][  0]LogConfig: Setting CVar [[gc.NumRetriesBeforeForcingGC:10]]
[2020.09.19-15.07.01:665][  0]LogConfig: Setting CVar [[gc.AllowParallelGC:1]]
[2020.09.19-15.07.01:665][  0]LogConfig: Setting CVar [[gc.TimeBetweenPurgingPendingKillObjects:61.1]]
[2020.09.19-15.07.01:665][  0]LogConfig: Setting CVar [[gc.MaxObjectsInEditor:25165824]]
[2020.09.19-15.07.01:665][  0]LogConfig: Setting CVar [[gc.IncrementalBeginDestroyEnabled:1]]
[2020.09.19-15.07.01:665][  0]LogConfig: Setting CVar [[gc.CreateGCClusters:1]]
[2020.09.19-15.07.01:665][  0]LogConfig: Setting CVar [[gc.MinGCClusterSize:5]]
[2020.09.19-15.07.01:665][  0]LogConfig: Setting CVar [[gc.ActorClusteringEnabled:0]]
[2020.09.19-15.07.01:665][  0]LogConfig: Setting CVar [[gc.BlueprintClusteringEnabled:0]]
[2020.09.19-15.07.01:665][  0]LogConfig: Setting CVar [[gc.UseDisregardForGCOnDedicatedServers:0]]
[2020.09.19-15.07.01:665][  0]LogConfig: Applying CVar settings from Section [/Script/Engine.NetworkSettings] File [C:/Users/Brayden/Documents/unreal/FirstPersonShooter/UnrealFirstPersonShooter/UnrealShooter/Saved/Config/Windows/Engine.ini]
[2020.09.19-15.07.01:665][  0]LogConfig: Applying CVar settings from Section [/Script/UnrealEd.CookerSettings] File [C:/Users/Brayden/Documents/unreal/FirstPersonShooter/UnrealFirstPersonShooter/UnrealShooter/Saved/Config/Windows/Engine.ini]
[2020.09.19-15.07.01:672][  0]LogConfig: Applying CVar settings from Section [ViewDistanceQuality@3] File [C:/Users/Brayden/Documents/unreal/FirstPersonShooter/UnrealFirstPersonShooter/UnrealShooter/Saved/Config/Windows/Scalability.ini]
[2020.09.19-15.07.01:672][  0]LogConfig: Setting CVar [[r.SkeletalMeshLODBias:0]]
[2020.09.19-15.07.01:672][  0]LogConfig: Setting CVar [[r.ViewDistanceScale:1.0]]
[2020.09.19-15.07.01:672][  0]LogConfig: Applying CVar settings from Section [AntiAliasingQuality@3] File [C:/Users/Brayden/Documents/unreal/FirstPersonShooter/UnrealFirstPersonShooter/UnrealShooter/Saved/Config/Windows/Scalability.ini]
[2020.09.19-15.07.01:672][  0]LogConfig: Setting CVar [[r.PostProcessAAQuality:4]]
[2020.09.19-15.07.01:672][  0]LogConfig: Applying CVar settings from Section [ShadowQuality@3] File [C:/Users/Brayden/Documents/unreal/FirstPersonShooter/UnrealFirstPersonShooter/UnrealShooter/Saved/Config/Windows/Scalability.ini]
[2020.09.19-15.07.01:672][  0]LogConfig: Setting CVar [[r.LightFunctionQuality:1]]
[2020.09.19-15.07.01:672][  0]LogConfig: Setting CVar [[r.ShadowQuality:5]]
[2020.09.19-15.07.01:672][  0]LogConfig: Setting CVar [[r.Shadow.CSM.MaxCascades:10]]
[2020.09.19-15.07.01:672][  0]LogConfig: Setting CVar [[r.Shadow.MaxResolution:2048]]
[2020.09.19-15.07.01:672][  0]LogConfig: Setting CVar [[r.Shadow.MaxCSMResolution:2048]]
[2020.09.19-15.07.01:672][  0]LogConfig: Setting CVar [[r.Shadow.RadiusThreshold:0.01]]
[2020.09.19-15.07.01:672][  0]LogConfig: Setting CVar [[r.Shadow.DistanceScale:1.0]]
[2020.09.19-15.07.01:672][  0]LogConfig: Setting CVar [[r.Shadow.CSM.TransitionScale:1.0]]
[2020.09.19-15.07.01:672][  0]LogConfig: Setting CVar [[r.Shadow.PreShadowResolutionFactor:1.0]]
[2020.09.19-15.07.01:672][  0]LogConfig: Setting CVar [[r.DistanceFieldShadowing:1]]
[2020.09.19-15.07.01:672][  0]LogConfig: Setting CVar [[r.DistanceFieldAO:1]]
[2020.09.19-15.07.01:672][  0]LogConfig: Setting CVar [[r.AOQuality:2]]
[2020.09.19-15.07.01:672][  0]LogConfig: Setting CVar [[r.VolumetricFog:1]]
[2020.09.19-15.07.01:672][  0]LogConfig: Setting CVar [[r.VolumetricFog.GridPixelSize:8]]
[2020.09.19-15.07.01:672][  0]LogConfig: Setting CVar [[r.VolumetricFog.GridSizeZ:128]]
[2020.09.19-15.07.01:672][  0]LogConfig: Setting CVar [[r.VolumetricFog.HistoryMissSupersampleCount:4]]
[2020.09.19-15.07.01:672][  0]LogConfig: Setting CVar [[r.LightMaxDrawDistanceScale:1]]
[2020.09.19-15.07.01:672][  0]LogConfig: Setting CVar [[r.CapsuleShadows:1]]
[2020.09.19-15.07.01:672][  0]LogConfig: Applying CVar settings from Section [PostProcessQuality@3] File [C:/Users/Brayden/Documents/unreal/FirstPersonShooter/UnrealFirstPersonShooter/UnrealShooter/Saved/Config/Windows/Scalability.ini]
[2020.09.19-15.07.01:672][  0]LogConfig: Setting CVar [[r.MotionBlurQuality:4]]
[2020.09.19-15.07.01:672][  0]LogConfig: Setting CVar [[r.AmbientOcclusionMipLevelFactor:0.4]]
[2020.09.19-15.07.01:672][  0]LogConfig: Setting CVar [[r.AmbientOcclusionMaxQuality:100]]
[2020.09.19-15.07.01:673][  0]LogConfig: Setting CVar [[r.AmbientOcclusionLevels:-1]]
[2020.09.19-15.07.01:673][  0]LogConfig: Setting CVar [[r.AmbientOcclusionRadiusScale:1.0]]
[2020.09.19-15.07.01:673][  0]LogConfig: Setting CVar [[r.DepthOfFieldQuality:2]]
[2020.09.19-15.07.01:673][  0]LogConfig: Setting CVar [[r.RenderTargetPoolMin:400]]
[2020.09.19-15.07.01:673][  0]LogConfig: Setting CVar [[r.LensFlareQuality:2]]
[2020.09.19-15.07.01:673][  0]LogConfig: Setting CVar [[r.SceneColorFringeQuality:1]]
[2020.09.19-15.07.01:673][  0]LogConfig: Setting CVar [[r.EyeAdaptationQuality:2]]
[2020.09.19-15.07.01:673][  0]LogConfig: Setting CVar [[r.BloomQuality:5]]
[2020.09.19-15.07.01:673][  0]LogConfig: Setting CVar [[r.FastBlurThreshold:100]]
[2020.09.19-15.07.01:673][  0]LogConfig: Setting CVar [[r.Upscale.Quality:3]]
[2020.09.19-15.07.01:673][  0]LogConfig: Setting CVar [[r.Tonemapper.GrainQuantization:1]]
[2020.09.19-15.07.01:673][  0]LogConfig: Setting CVar [[r.LightShaftQuality:1]]
[2020.09.19-15.07.01:673][  0]LogConfig: Setting CVar [[r.Filter.SizeScale:1]]
[2020.09.19-15.07.01:673][  0]LogConfig: Setting CVar [[r.Tonemapper.Quality:5]]
[2020.09.19-15.07.01:673][  0]LogConfig: Setting CVar [[r.DOF.Gather.AccumulatorQuality:1        ; higher gathering accumulator quality]]
[2020.09.19-15.07.01:673][  0]LogConfig: Setting CVar [[r.DOF.Gather.PostfilterMethod:1          ; Median3x3 postfilering method]]
[2020.09.19-15.07.01:673][  0]LogConfig: Setting CVar [[r.DOF.Gather.EnableBokehSettings:0       ; no bokeh simulation when gathering]]
[2020.09.19-15.07.01:673][  0]LogConfig: Setting CVar [[r.DOF.Gather.RingCount:4                 ; medium number of samples when gathering]]
[2020.09.19-15.07.01:673][  0]LogConfig: Setting CVar [[r.DOF.Scatter.ForegroundCompositing:1    ; additive foreground scattering]]
[2020.09.19-15.07.01:673][  0]LogConfig: Setting CVar [[r.DOF.Scatter.BackgroundCompositing:2    ; additive background scattering]]
[2020.09.19-15.07.01:673][  0]LogConfig: Setting CVar [[r.DOF.Scatter.EnableBokehSettings:1      ; bokeh simulation when scattering]]
[2020.09.19-15.07.01:673][  0]LogConfig: Setting CVar [[r.DOF.Scatter.MaxSpriteRatio:0.1         ; only a maximum of 10% of scattered bokeh]]
[2020.09.19-15.07.01:673][  0]LogConfig: Setting CVar [[r.DOF.Recombine.Quality:1                ; cheap slight out of focus]]
[2020.09.19-15.07.01:673][  0]LogConfig: Setting CVar [[r.DOF.Recombine.EnableBokehSettings:0    ; no bokeh simulation on slight out of focus]]
[2020.09.19-15.07.01:673][  0]LogConfig: Setting CVar [[r.DOF.TemporalAAQuality:1                ; more stable temporal accumulation]]
[2020.09.19-15.07.01:673][  0]LogConfig: Setting CVar [[r.DOF.Kernel.MaxForegroundRadius:0.025]]
[2020.09.19-15.07.01:673][  0]LogConfig: Setting CVar [[r.DOF.Kernel.MaxBackgroundRadius:0.025]]
[2020.09.19-15.07.01:673][  0]LogConfig: Applying CVar settings from Section [TextureQuality@3] File [C:/Users/Brayden/Documents/unreal/FirstPersonShooter/UnrealFirstPersonShooter/UnrealShooter/Saved/Config/Windows/Scalability.ini]
[2020.09.19-15.07.01:673][  0]LogConfig: Setting CVar [[r.Streaming.MipBias:0]]
[2020.09.19-15.07.01:673][  0]LogConfig: Setting CVar [[r.Streaming.AmortizeCPUToGPUCopy:0]]
[2020.09.19-15.07.01:673][  0]LogConfig: Setting CVar [[r.Streaming.MaxNumTexturesToStreamPerFrame:0]]
[2020.09.19-15.07.01:673][  0]LogConfig: Setting CVar [[r.Streaming.Boost:1]]
[2020.09.19-15.07.01:673][  0]LogConfig: Setting CVar [[r.MaxAnisotropy:8]]
[2020.09.19-15.07.01:673][  0]LogConfig: Setting CVar [[r.VT.MaxAnisotropy:8]]
[2020.09.19-15.07.01:673][  0]LogConfig: Setting CVar [[r.Streaming.LimitPoolSizeToVRAM:0]]
[2020.09.19-15.07.01:673][  0]LogConfig: Setting CVar [[r.Streaming.PoolSize:1000]]
[2020.09.19-15.07.01:673][  0]LogConfig: Setting CVar [[r.Streaming.MaxEffectiveScreenSize:0]]
[2020.09.19-15.07.01:673][  0]LogConfig: Applying CVar settings from Section [EffectsQuality@3] File [C:/Users/Brayden/Documents/unreal/FirstPersonShooter/UnrealFirstPersonShooter/UnrealShooter/Saved/Config/Windows/Scalability.ini]
[2020.09.19-15.07.01:673][  0]LogConfig: Setting CVar [[r.TranslucencyLightingVolumeDim:64]]
[2020.09.19-15.07.01:673][  0]LogConfig: Setting CVar [[r.RefractionQuality:2]]
[2020.09.19-15.07.01:673][  0]LogConfig: Setting CVar [[r.SSR.Quality:3]]
[2020.09.19-15.07.01:673][  0]LogConfig: Setting CVar [[r.SSR.HalfResSceneColor:0]]
[2020.09.19-15.07.01:673][  0]LogConfig: Setting CVar [[r.SceneColorFormat:4]]
[2020.09.19-15.07.01:673][  0]LogConfig: Setting CVar [[r.DetailMode:2]]
[2020.09.19-15.07.01:673][  0]LogConfig: Setting CVar [[r.TranslucencyVolumeBlur:1]]
[2020.09.19-15.07.01:673][  0]LogConfig: Setting CVar [[r.MaterialQualityLevel:1 ; High quality]]
[2020.09.19-15.07.01:673][  0]LogConfig: Setting CVar [[r.SSS.Scale:1]]
[2020.09.19-15.07.01:673][  0]LogConfig: Setting CVar [[r.SSS.SampleSet:2]]
[2020.09.19-15.07.01:673][  0]LogConfig: Setting CVar [[r.SSS.Quality:1]]
[2020.09.19-15.07.01:673][  0]LogConfig: Setting CVar [[r.SSS.HalfRes:0]]
[2020.09.19-15.07.01:673][  0]LogConfig: Setting CVar [[r.SSGI.Quality:3]]
[2020.09.19-15.07.01:673][  0]LogConfig: Setting CVar [[r.EmitterSpawnRateScale:1.0]]
[2020.09.19-15.07.01:673][  0]LogConfig: Setting CVar [[r.ParticleLightQuality:2]]
[2020.09.19-15.07.01:673][  0]LogConfig: Setting CVar [[r.SkyAtmosphere.AerialPerspectiveLUT.FastApplyOnOpaque:1 ; Always have FastSkyLUT 1 in this case to avoid wrong sky]]
[2020.09.19-15.07.01:673][  0]LogConfig: Setting CVar [[r.SkyAtmosphere.AerialPerspectiveLUT.SampleCountPerSlice:1]]
[2020.09.19-15.07.01:673][  0]LogConfig: Setting CVar [[r.SkyAtmosphere.AerialPerspectiveLUT.DepthResolution:16.0]]
[2020.09.19-15.07.01:673][  0]LogConfig: Setting CVar [[r.SkyAtmosphere.FastSkyLUT:1]]
[2020.09.19-15.07.01:673][  0]LogConfig: Setting CVar [[r.SkyAtmosphere.FastSkyLUT.SampleCountMin:4.0]]
[2020.09.19-15.07.01:673][  0]LogConfig: Setting CVar [[r.SkyAtmosphere.FastSkyLUT.SampleCountMax:32.0]]
[2020.09.19-15.07.01:673][  0]LogConfig: Setting CVar [[r.SkyAtmosphere.SampleCountMin:4.0]]
[2020.09.19-15.07.01:673][  0]LogConfig: Setting CVar [[r.SkyAtmosphere.SampleCountMax:32.0]]
[2020.09.19-15.07.01:673][  0]LogConfig: Setting CVar [[r.SkyAtmosphere.TransmittanceLUT.UseSmallFormat:0]]
[2020.09.19-15.07.01:673][  0]LogConfig: Setting CVar [[r.SkyAtmosphere.TransmittanceLUT.SampleCount:10.0]]
[2020.09.19-15.07.01:673][  0]LogConfig: Setting CVar [[r.SkyAtmosphere.MultiScatteringLUT.SampleCount:15.0]]
[2020.09.19-15.07.01:673][  0]LogConfig: Applying CVar settings from Section [FoliageQuality@3] File [C:/Users/Brayden/Documents/unreal/FirstPersonShooter/UnrealFirstPersonShooter/UnrealShooter/Saved/Config/Windows/Scalability.ini]
[2020.09.19-15.07.01:673][  0]LogConfig: Setting CVar [[foliage.DensityScale:1.0]]
[2020.09.19-15.07.01:673][  0]LogConfig: Setting CVar [[grass.DensityScale:1.0]]
[2020.09.19-15.07.01:673][  0]LogConfig: Applying CVar settings from Section [ShadingQuality@3] File [C:/Users/Brayden/Documents/unreal/FirstPersonShooter/UnrealFirstPersonShooter/UnrealShooter/Saved/Config/Windows/Scalability.ini]
[2020.09.19-15.07.01:673][  0]LogConfig: Setting CVar [[r.HairStrands.SkyLighting.SampleCount:16]]
[2020.09.19-15.07.01:673][  0]LogConfig: Setting CVar [[r.HairStrands.SkyLighting.JitterIntegration:0]]
[2020.09.19-15.07.01:673][  0]LogConfig: Setting CVar [[r.HairStrands.SkyAO.SampleCount:16]]
[2020.09.19-15.07.01:673][  0]LogConfig: Setting CVar [[r.HairStrands.DeepShadow.SuperSampling:0]]
[2020.09.19-15.07.01:673][  0]LogConfig: Setting CVar [[r.HairStrands.VisibilityPPLL:0]]
[2020.09.19-15.07.01:674][  0]LogConfig: Setting CVar [[r.HairStrands.RasterizationScale:0.5]]
[2020.09.19-15.07.01:674][  0]LogConfig: Setting CVar [[r.HairStrands.VelocityRasterizationScale:1]]
[2020.09.19-15.07.01:674][  0]LogInit: Selected Device Profile: [Windows]
[2020.09.19-15.07.01:674][  0]LogInit: Applying CVar settings loaded from the selected device profile: [Windows]
[2020.09.19-15.07.01:674][  0]LogHAL: Display: Platform has ~ 16 GB [17116573696 / 17179869184 / 16], which maps to Larger [LargestMinGB=32, LargerMinGB=12, DefaultMinGB=8, SmallerMinGB=6, SmallestMinGB=0)
[2020.09.19-15.07.01:674][  0]LogInit: Going up to parent DeviceProfile []
[2020.09.19-15.07.01:674][  0]LogConfig: Applying CVar settings from Section [ViewDistanceQuality@3] File [C:/Users/Brayden/Documents/unreal/FirstPersonShooter/UnrealFirstPersonShooter/UnrealShooter/Saved/Config/Windows/Scalability.ini]
[2020.09.19-15.07.01:674][  0]LogConfig: Setting CVar [[r.SkeletalMeshLODBias:0]]
[2020.09.19-15.07.01:674][  0]LogConfig: Setting CVar [[r.ViewDistanceScale:1.0]]
[2020.09.19-15.07.01:674][  0]LogConfig: Applying CVar settings from Section [AntiAliasingQuality@3] File [C:/Users/Brayden/Documents/unreal/FirstPersonShooter/UnrealFirstPersonShooter/UnrealShooter/Saved/Config/Windows/Scalability.ini]
[2020.09.19-15.07.01:674][  0]LogConfig: Setting CVar [[r.PostProcessAAQuality:4]]
[2020.09.19-15.07.01:674][  0]LogConfig: Applying CVar settings from Section [ShadowQuality@3] File [C:/Users/Brayden/Documents/unreal/FirstPersonShooter/UnrealFirstPersonShooter/UnrealShooter/Saved/Config/Windows/Scalability.ini]
[2020.09.19-15.07.01:674][  0]LogConfig: Setting CVar [[r.LightFunctionQuality:1]]
[2020.09.19-15.07.01:674][  0]LogConfig: Setting CVar [[r.ShadowQuality:5]]
[2020.09.19-15.07.01:674][  0]LogConfig: Setting CVar [[r.Shadow.CSM.MaxCascades:10]]
[2020.09.19-15.07.01:674][  0]LogConfig: Setting CVar [[r.Shadow.MaxResolution:2048]]
[2020.09.19-15.07.01:674][  0]LogConfig: Setting CVar [[r.Shadow.MaxCSMResolution:2048]]
[2020.09.19-15.07.01:674][  0]LogConfig: Setting CVar [[r.Shadow.RadiusThreshold:0.01]]
[2020.09.19-15.07.01:674][  0]LogConfig: Setting CVar [[r.Shadow.DistanceScale:1.0]]
[2020.09.19-15.07.01:674][  0]LogConfig: Setting CVar [[r.Shadow.CSM.TransitionScale:1.0]]
[2020.09.19-15.07.01:674][  0]LogConfig: Setting CVar [[r.Shadow.PreShadowResolutionFactor:1.0]]
[2020.09.19-15.07.01:674][  0]LogConfig: Setting CVar [[r.DistanceFieldShadowing:1]]
[2020.09.19-15.07.01:674][  0]LogConfig: Setting CVar [[r.DistanceFieldAO:1]]
[2020.09.19-15.07.01:674][  0]LogConfig: Setting CVar [[r.AOQuality:2]]
[2020.09.19-15.07.01:674][  0]LogConfig: Setting CVar [[r.VolumetricFog:1]]
[2020.09.19-15.07.01:674][  0]LogConfig: Setting CVar [[r.VolumetricFog.GridPixelSize:8]]
[2020.09.19-15.07.01:674][  0]LogConfig: Setting CVar [[r.VolumetricFog.GridSizeZ:128]]
[2020.09.19-15.07.01:674][  0]LogConfig: Setting CVar [[r.VolumetricFog.HistoryMissSupersampleCount:4]]
[2020.09.19-15.07.01:674][  0]LogConfig: Setting CVar [[r.LightMaxDrawDistanceScale:1]]
[2020.09.19-15.07.01:674][  0]LogConfig: Setting CVar [[r.CapsuleShadows:1]]
[2020.09.19-15.07.01:674][  0]LogConfig: Applying CVar settings from Section [PostProcessQuality@3] File [C:/Users/Brayden/Documents/unreal/FirstPersonShooter/UnrealFirstPersonShooter/UnrealShooter/Saved/Config/Windows/Scalability.ini]
[2020.09.19-15.07.01:674][  0]LogConfig: Setting CVar [[r.MotionBlurQuality:4]]
[2020.09.19-15.07.01:674][  0]LogConfig: Setting CVar [[r.AmbientOcclusionMipLevelFactor:0.4]]
[2020.09.19-15.07.01:674][  0]LogConfig: Setting CVar [[r.AmbientOcclusionMaxQuality:100]]
[2020.09.19-15.07.01:674][  0]LogConfig: Setting CVar [[r.AmbientOcclusionLevels:-1]]
[2020.09.19-15.07.01:674][  0]LogConfig: Setting CVar [[r.AmbientOcclusionRadiusScale:1.0]]
[2020.09.19-15.07.01:674][  0]LogConfig: Setting CVar [[r.DepthOfFieldQuality:2]]
[2020.09.19-15.07.01:674][  0]LogConfig: Setting CVar [[r.RenderTargetPoolMin:400]]
[2020.09.19-15.07.01:674][  0]LogConfig: Setting CVar [[r.LensFlareQuality:2]]
[2020.09.19-15.07.01:674][  0]LogConfig: Setting CVar [[r.SceneColorFringeQuality:1]]
[2020.09.19-15.07.01:674][  0]LogConfig: Setting CVar [[r.EyeAdaptationQuality:2]]
[2020.09.19-15.07.01:674][  0]LogConfig: Setting CVar [[r.BloomQuality:5]]
[2020.09.19-15.07.01:674][  0]LogConfig: Setting CVar [[r.FastBlurThreshold:100]]
[2020.09.19-15.07.01:674][  0]LogConfig: Setting CVar [[r.Upscale.Quality:3]]
[2020.09.19-15.07.01:674][  0]LogConfig: Setting CVar [[r.Tonemapper.GrainQuantization:1]]
[2020.09.19-15.07.01:674][  0]LogConfig: Setting CVar [[r.LightShaftQuality:1]]
[2020.09.19-15.07.01:674][  0]LogConfig: Setting CVar [[r.Filter.SizeScale:1]]
[2020.09.19-15.07.01:674][  0]LogConfig: Setting CVar [[r.Tonemapper.Quality:5]]
[2020.09.19-15.07.01:674][  0]LogConfig: Setting CVar [[r.DOF.Gather.AccumulatorQuality:1        ; higher gathering accumulator quality]]
[2020.09.19-15.07.01:674][  0]LogConfig: Setting CVar [[r.DOF.Gather.PostfilterMethod:1          ; Median3x3 postfilering method]]
[2020.09.19-15.07.01:674][  0]LogConfig: Setting CVar [[r.DOF.Gather.EnableBokehSettings:0       ; no bokeh simulation when gathering]]
[2020.09.19-15.07.01:674][  0]LogConfig: Setting CVar [[r.DOF.Gather.RingCount:4                 ; medium number of samples when gathering]]
[2020.09.19-15.07.01:674][  0]LogConfig: Setting CVar [[r.DOF.Scatter.ForegroundCompositing:1    ; additive foreground scattering]]
[2020.09.19-15.07.01:674][  0]LogConfig: Setting CVar [[r.DOF.Scatter.BackgroundCompositing:2    ; additive background scattering]]
[2020.09.19-15.07.01:674][  0]LogConfig: Setting CVar [[r.DOF.Scatter.EnableBokehSettings:1      ; bokeh simulation when scattering]]
[2020.09.19-15.07.01:674][  0]LogConfig: Setting CVar [[r.DOF.Scatter.MaxSpriteRatio:0.1         ; only a maximum of 10% of scattered bokeh]]
[2020.09.19-15.07.01:674][  0]LogConfig: Setting CVar [[r.DOF.Recombine.Quality:1                ; cheap slight out of focus]]
[2020.09.19-15.07.01:674][  0]LogConfig: Setting CVar [[r.DOF.Recombine.EnableBokehSettings:0    ; no bokeh simulation on slight out of focus]]
[2020.09.19-15.07.01:674][  0]LogConfig: Setting CVar [[r.DOF.TemporalAAQuality:1                ; more stable temporal accumulation]]
[2020.09.19-15.07.01:674][  0]LogConfig: Setting CVar [[r.DOF.Kernel.MaxForegroundRadius:0.025]]
[2020.09.19-15.07.01:674][  0]LogConfig: Setting CVar [[r.DOF.Kernel.MaxBackgroundRadius:0.025]]
[2020.09.19-15.07.01:674][  0]LogConfig: Applying CVar settings from Section [TextureQuality@3] File [C:/Users/Brayden/Documents/unreal/FirstPersonShooter/UnrealFirstPersonShooter/UnrealShooter/Saved/Config/Windows/Scalability.ini]
[2020.09.19-15.07.01:674][  0]LogConfig: Setting CVar [[r.Streaming.MipBias:0]]
[2020.09.19-15.07.01:674][  0]LogConfig: Setting CVar [[r.Streaming.AmortizeCPUToGPUCopy:0]]
[2020.09.19-15.07.01:674][  0]LogConfig: Setting CVar [[r.Streaming.MaxNumTexturesToStreamPerFrame:0]]
[2020.09.19-15.07.01:674][  0]LogConfig: Setting CVar [[r.Streaming.Boost:1]]
[2020.09.19-15.07.01:674][  0]LogConfig: Setting CVar [[r.MaxAnisotropy:8]]
[2020.09.19-15.07.01:674][  0]LogConfig: Setting CVar [[r.VT.MaxAnisotropy:8]]
[2020.09.19-15.07.01:674][  0]LogConfig: Setting CVar [[r.Streaming.LimitPoolSizeToVRAM:0]]
[2020.09.19-15.07.01:675][  0]LogConfig: Setting CVar [[r.Streaming.PoolSize:1000]]
[2020.09.19-15.07.01:675][  0]LogConfig: Setting CVar [[r.Streaming.MaxEffectiveScreenSize:0]]
[2020.09.19-15.07.01:675][  0]LogConfig: Applying CVar settings from Section [EffectsQuality@3] File [C:/Users/Brayden/Documents/unreal/FirstPersonShooter/UnrealFirstPersonShooter/UnrealShooter/Saved/Config/Windows/Scalability.ini]
[2020.09.19-15.07.01:675][  0]LogConfig: Setting CVar [[r.TranslucencyLightingVolumeDim:64]]
[2020.09.19-15.07.01:675][  0]LogConfig: Setting CVar [[r.RefractionQuality:2]]
[2020.09.19-15.07.01:675][  0]LogConfig: Setting CVar [[r.SSR.Quality:3]]
[2020.09.19-15.07.01:675][  0]LogConfig: Setting CVar [[r.SSR.HalfResSceneColor:0]]
[2020.09.19-15.07.01:675][  0]LogConfig: Setting CVar [[r.SceneColorFormat:4]]
[2020.09.19-15.07.01:675][  0]LogConfig: Setting CVar [[r.DetailMode:2]]
[2020.09.19-15.07.01:675][  0]LogConfig: Setting CVar [[r.TranslucencyVolumeBlur:1]]
[2020.09.19-15.07.01:675][  0]LogConfig: Setting CVar [[r.MaterialQualityLevel:1 ; High quality]]
[2020.09.19-15.07.01:675][  0]LogConfig: Setting CVar [[r.SSS.Scale:1]]
[2020.09.19-15.07.01:675][  0]LogConfig: Setting CVar [[r.SSS.SampleSet:2]]
[2020.09.19-15.07.01:675][  0]LogConfig: Setting CVar [[r.SSS.Quality:1]]
[2020.09.19-15.07.01:675][  0]LogConfig: Setting CVar [[r.SSS.HalfRes:0]]
[2020.09.19-15.07.01:675][  0]LogConfig: Setting CVar [[r.SSGI.Quality:3]]
[2020.09.19-15.07.01:675][  0]LogConfig: Setting CVar [[r.EmitterSpawnRateScale:1.0]]
[2020.09.19-15.07.01:675][  0]LogConfig: Setting CVar [[r.ParticleLightQuality:2]]
[2020.09.19-15.07.01:675][  0]LogConfig: Setting CVar [[r.SkyAtmosphere.AerialPerspectiveLUT.FastApplyOnOpaque:1 ; Always have FastSkyLUT 1 in this case to avoid wrong sky]]
[2020.09.19-15.07.01:675][  0]LogConfig: Setting CVar [[r.SkyAtmosphere.AerialPerspectiveLUT.SampleCountPerSlice:1]]
[2020.09.19-15.07.01:675][  0]LogConfig: Setting CVar [[r.SkyAtmosphere.AerialPerspectiveLUT.DepthResolution:16.0]]
[2020.09.19-15.07.01:675][  0]LogConfig: Setting CVar [[r.SkyAtmosphere.FastSkyLUT:1]]
[2020.09.19-15.07.01:675][  0]LogConfig: Setting CVar [[r.SkyAtmosphere.FastSkyLUT.SampleCountMin:4.0]]
[2020.09.19-15.07.01:675][  0]LogConfig: Setting CVar [[r.SkyAtmosphere.FastSkyLUT.SampleCountMax:32.0]]
[2020.09.19-15.07.01:675][  0]LogConfig: Setting CVar [[r.SkyAtmosphere.SampleCountMin:4.0]]
[2020.09.19-15.07.01:675][  0]LogConfig: Setting CVar [[r.SkyAtmosphere.SampleCountMax:32.0]]
[2020.09.19-15.07.01:675][  0]LogConfig: Setting CVar [[r.SkyAtmosphere.TransmittanceLUT.UseSmallFormat:0]]
[2020.09.19-15.07.01:675][  0]LogConfig: Setting CVar [[r.SkyAtmosphere.TransmittanceLUT.SampleCount:10.0]]
[2020.09.19-15.07.01:675][  0]LogConfig: Setting CVar [[r.SkyAtmosphere.MultiScatteringLUT.SampleCount:15.0]]
[2020.09.19-15.07.01:675][  0]LogConfig: Applying CVar settings from Section [FoliageQuality@3] File [C:/Users/Brayden/Documents/unreal/FirstPersonShooter/UnrealFirstPersonShooter/UnrealShooter/Saved/Config/Windows/Scalability.ini]
[2020.09.19-15.07.01:675][  0]LogConfig: Setting CVar [[foliage.DensityScale:1.0]]
[2020.09.19-15.07.01:675][  0]LogConfig: Setting CVar [[grass.DensityScale:1.0]]
[2020.09.19-15.07.01:675][  0]LogConfig: Applying CVar settings from Section [ShadingQuality@3] File [C:/Users/Brayden/Documents/unreal/FirstPersonShooter/UnrealFirstPersonShooter/UnrealShooter/Saved/Config/Windows/Scalability.ini]
[2020.09.19-15.07.01:675][  0]LogConfig: Setting CVar [[r.HairStrands.SkyLighting.SampleCount:16]]
[2020.09.19-15.07.01:675][  0]LogConfig: Setting CVar [[r.HairStrands.SkyLighting.JitterIntegration:0]]
[2020.09.19-15.07.01:675][  0]LogConfig: Setting CVar [[r.HairStrands.SkyAO.SampleCount:16]]
[2020.09.19-15.07.01:675][  0]LogConfig: Setting CVar [[r.HairStrands.DeepShadow.SuperSampling:0]]
[2020.09.19-15.07.01:675][  0]LogConfig: Setting CVar [[r.HairStrands.VisibilityPPLL:0]]
[2020.09.19-15.07.01:675][  0]LogConfig: Setting CVar [[r.HairStrands.RasterizationScale:0.5]]
[2020.09.19-15.07.01:675][  0]LogConfig: Setting CVar [[r.HairStrands.VelocityRasterizationScale:1]]
[2020.09.19-15.07.01:675][  0]LogConfig: Applying CVar settings from Section [Startup] File [../../../Engine/Config/ConsoleVariables.ini]
[2020.09.19-15.07.01:675][  0]LogConfig: Setting CVar [[net.UseAdaptiveNetUpdateFrequency:0]]
[2020.09.19-15.07.01:675][  0]LogConfig: Setting CVar [[p.chaos.AllowCreatePhysxBodies:1]]
[2020.09.19-15.07.01:675][  0]LogConfig: Setting CVar [[fx.SkipVectorVMBackendOptimizations:1]]
[2020.09.19-15.07.01:675][  0]LogConfig: Applying CVar settings from Section [ConsoleVariables] File [C:/Users/Brayden/Documents/unreal/FirstPersonShooter/UnrealFirstPersonShooter/UnrealShooter/Saved/Config/Windows/Engine.ini]
[2020.09.19-15.07.01:676][  0]LogInit: Computer: BRAYDEN-PC
[2020.09.19-15.07.01:676][  0]LogInit: User: Brayden
[2020.09.19-15.07.01:676][  0]LogInit: CPU Page size=4096, Cores=4
[2020.09.19-15.07.01:676][  0]LogInit: High frequency timer resolution =10.000000 MHz
[2020.09.19-15.07.01:676][  0]LogMemory: Memory total: Physical=15.9GB (16GB approx)
[2020.09.19-15.07.01:676][  0]LogMemory: Platform Memory Stats for Windows
[2020.09.19-15.07.01:676][  0]LogMemory: Process Physical Memory: 112.56 MB used, 112.57 MB peak
[2020.09.19-15.07.01:676][  0]LogMemory: Process Virtual Memory: 95.21 MB used, 95.21 MB peak
[2020.09.19-15.07.01:676][  0]LogMemory: Physical Memory: 7806.59 MB used,  8517.05 MB free, 16323.64 MB total
[2020.09.19-15.07.01:676][  0]LogMemory: Virtual Memory: 5126.73 MB used,  134212600.00 MB free, 134217728.00 MB total
[2020.09.19-15.07.01:682][  0]LogWindows: WindowsPlatformFeatures enabled
[2020.09.19-15.07.01:713][  0]LogInit: Physics initialised using underlying interface: PhysX
[2020.09.19-15.07.01:714][  0]LogInit: Using OS detected language (en-US).
[2020.09.19-15.07.01:714][  0]LogInit: Using OS detected locale (en-US).
[2020.09.19-15.07.01:718][  0]LogTextLocalizationManager: No specific localization for 'en-US' exists, so the 'en' localization will be used.
[2020.09.19-15.07.01:916][  0]LogInit: Setting process to per monitor DPI aware
[2020.09.19-15.07.01:966][  0]LogSlate: New Slate User Created.  User Index 0, Is Virtual User: 0
[2020.09.19-15.07.01:966][  0]LogSlate: Slate User Registered.  User Index 0, Is Virtual User: 0
[2020.09.19-15.07.02:127][  0]LogHMD: Failed to initialize OpenVR with code 110
[2020.09.19-15.07.02:127][  0]LogD3D11RHI: D3D11 min allowed feature level: 11_0
[2020.09.19-15.07.02:127][  0]LogD3D11RHI: D3D11 max allowed feature level: 11_0
[2020.09.19-15.07.02:127][  0]LogD3D11RHI: D3D11 adapters:
[2020.09.19-15.07.02:197][  0]LogD3D11RHI:    0. 'NVIDIA GeForce GTX 670' (Feature Level 11_0)
[2020.09.19-15.07.02:197][  0]LogD3D11RHI:       4052/0/8161 MB DedicatedVideo/DedicatedSystem/SharedSystem, Outputs:2, VendorId:0x10de
[2020.09.19-15.07.02:199][  0]LogD3D11RHI:    1. 'Microsoft Basic Render Driver' (Feature Level 11_0)
[2020.09.19-15.07.02:199][  0]LogD3D11RHI:       0/0/8161 MB DedicatedVideo/DedicatedSystem/SharedSystem, Outputs:0, VendorId:0x1414
[2020.09.19-15.07.02:199][  0]LogD3D11RHI: Chosen D3D11 Adapter: 0
[2020.09.19-15.07.02:206][  0]LogD3D11RHI: Creating new Direct3DDevice
[2020.09.19-15.07.02:206][  0]LogD3D11RHI:     GPU DeviceId: 0x1189 (for the marketing name, search the web for "GPU Device Id")
[2020.09.19-15.07.02:206][  0]LogWindows: EnumDisplayDevices:
[2020.09.19-15.07.02:206][  0]LogWindows:    0. 'NVIDIA GeForce GTX 670' (P:1 D:1)
[2020.09.19-15.07.02:206][  0]LogWindows:    1. 'NVIDIA GeForce GTX 670' (P:0 D:1)
[2020.09.19-15.07.02:207][  0]LogWindows:    2. 'NVIDIA GeForce GTX 670' (P:0 D:0)
[2020.09.19-15.07.02:207][  0]LogWindows:    3. 'NVIDIA GeForce GTX 670' (P:0 D:0)
[2020.09.19-15.07.02:208][  0]LogWindows: DebugString: FoundDriverCount:4 
[2020.09.19-15.07.02:208][  0]LogD3D11RHI:     Adapter Name: NVIDIA GeForce GTX 670
[2020.09.19-15.07.02:208][  0]LogD3D11RHI:   Driver Version: 432.00 (internal:26.21.14.3200, unified:432.00)
[2020.09.19-15.07.02:208][  0]LogD3D11RHI:      Driver Date: 7-24-2019
[2020.09.19-15.07.02:208][  0]LogRHI: Texture pool is 2836 MB (70% of 4052 MB)
[2020.09.19-15.07.02:251][  0]LogD3D11RHI: RHI does not have support for 64 bit atomics
[2020.09.19-15.07.02:253][  0]LogD3D11RHI: [Aftermath] Enabled and primed
[2020.09.19-15.07.02:253][  0]LogD3D11RHI: Async texture creation enabled
[2020.09.19-15.07.02:281][  0]LogD3D11RHI: GPU Timing Frequency: 1000.000000 (Debug: 2 2)
[2020.09.19-15.07.02:643][  0]LogTargetPlatformManager: Display: Loaded TargetPlatform 'AllDesktop'
[2020.09.19-15.07.02:666][  0]LogTargetPlatformManager: Display: Loaded TargetPlatform 'Android'
[2020.09.19-15.07.02:666][  0]LogTargetPlatformManager: Display: Loaded TargetPlatform 'Android_ASTC'
[2020.09.19-15.07.02:666][  0]LogTargetPlatformManager: Display: Loaded TargetPlatform 'Android_DXT'
[2020.09.19-15.07.02:666][  0]LogTargetPlatformManager: Display: Loaded TargetPlatform 'Android_ETC2'
[2020.09.19-15.07.02:666][  0]LogTargetPlatformManager: Display: Loaded TargetPlatform 'AndroidClient'
[2020.09.19-15.07.02:666][  0]LogTargetPlatformManager: Display: Loaded TargetPlatform 'Android_ASTCClient'
[2020.09.19-15.07.02:666][  0]LogTargetPlatformManager: Display: Loaded TargetPlatform 'Android_DXTClient'
[2020.09.19-15.07.02:667][  0]LogTargetPlatformManager: Display: Loaded TargetPlatform 'Android_ETC2Client'
[2020.09.19-15.07.02:667][  0]LogTargetPlatformManager: Display: Loaded TargetPlatform 'Android_Multi'
[2020.09.19-15.07.02:667][  0]LogTargetPlatformManager: Display: Loaded TargetPlatform 'Android_MultiClient'
[2020.09.19-15.07.02:691][  0]LogTargetPlatformManager: Display: Loaded TargetPlatform 'IOSClient'
[2020.09.19-15.07.02:691][  0]LogTargetPlatformManager: Display: Loaded TargetPlatform 'IOS'
[2020.09.19-15.07.02:703][  0]LogTargetPlatformManager: Display: Loaded TargetPlatform 'Linux'
[2020.09.19-15.07.02:713][  0]LogTargetPlatformManager: Display: Loaded TargetPlatform 'LinuxNoEditor'
[2020.09.19-15.07.02:723][  0]LogTargetPlatformManager: Display: Loaded TargetPlatform 'LinuxClient'
[2020.09.19-15.07.02:733][  0]LogTargetPlatformManager: Display: Loaded TargetPlatform 'LinuxServer'
[2020.09.19-15.07.02:744][  0]LogTargetPlatformManager: Display: Loaded TargetPlatform 'LinuxAArch64NoEditor'
[2020.09.19-15.07.02:755][  0]LogTargetPlatformManager: Display: Loaded TargetPlatform 'LinuxAArch64Client'
[2020.09.19-15.07.02:765][  0]LogTargetPlatformManager: Display: Loaded TargetPlatform 'LinuxAArch64Server'
[2020.09.19-15.07.02:796][  0]LogTargetPlatformManager: Display: Loaded TargetPlatform 'Lumin'
[2020.09.19-15.07.02:796][  0]LogTargetPlatformManager: Display: Loaded TargetPlatform 'LuminClient'
[2020.09.19-15.07.02:814][  0]LogTargetPlatformManager: Display: Loaded TargetPlatform 'TVOSClient'
[2020.09.19-15.07.02:814][  0]LogTargetPlatformManager: Display: Loaded TargetPlatform 'TVOS'
[2020.09.19-15.07.02:825][  0]LogTargetPlatformManager: Display: Loaded TargetPlatform 'WindowsNoEditor'
[2020.09.19-15.07.02:835][  0]LogTargetPlatformManager: Display: Loaded TargetPlatform 'Windows'
[2020.09.19-15.07.02:845][  0]LogTargetPlatformManager: Display: Loaded TargetPlatform 'WindowsClient'
[2020.09.19-15.07.02:855][  0]LogTargetPlatformManager: Display: Loaded TargetPlatform 'WindowsServer'
[2020.09.19-15.07.02:855][  0]LogTargetPlatformManager: Display: Building Assets For Windows
[2020.09.19-15.07.02:863][  0]LogAudioDebug: Display: Lib vorbis DLL was dynamically loaded.
[2020.09.19-15.07.02:926][  0]LogShaderCompilers: Guid format shader working directory is -59 characters bigger than the processId version (../../../../../../Users/Brayden/Documents/unreal/FirstPersonShooter/UnrealFirstPersonShooter/UnrealShooter/Intermediate/Shaders/WorkingDirectory/16888/).
[2020.09.19-15.07.02:926][  0]LogShaderCompilers: Cleaned the shader compiler working directory 'C:/Users/Brayden/AppData/Local/Temp/UnrealShaderWorkingDir/B46EAA534A0AF612CFE0E9BBE46A60F0/'.
[2020.09.19-15.07.02:927][  0]LogXGEController: Cannot use XGE Controller as Incredibuild is not installed on this machine.
[2020.09.19-15.07.02:927][  0]LogShaderCompilers: Cannot use XGE Shader Compiler as Incredibuild is not installed on this machine.
[2020.09.19-15.07.02:927][  0]LogShaderCompilers: Display: Using Local Shader Compiler.
[2020.09.19-15.07.03:758][  0]LogDerivedDataCache: Display: Max Cache Size: 512 MB
[2020.09.19-15.07.03:815][  0]LogDerivedDataCache: Loaded boot cache 0.06s 76MB C:/Users/Brayden/AppData/Local/UnrealEngine/4.25/DerivedDataCache/Boot.ddc.
[2020.09.19-15.07.03:815][  0]LogDerivedDataCache: Display: Loaded Boot cache: C:/Users/Brayden/AppData/Local/UnrealEngine/4.25/DerivedDataCache/Boot.ddc
[2020.09.19-15.07.03:816][  0]LogDerivedDataCache: FDerivedDataBackendGraph:  Pak pak cache file ../../../../../../Users/Brayden/Documents/unreal/FirstPersonShooter/UnrealFirstPersonShooter/UnrealShooter/DerivedDataCache/DDC.ddp not found, will not use a pak cache.
[2020.09.19-15.07.03:816][  0]LogDerivedDataCache: Unable to find inner node Pak for hierarchical cache Hierarchy.
[2020.09.19-15.07.03:816][  0]LogDerivedDataCache: FDerivedDataBackendGraph:  CompressedPak pak cache file ../../../../../../Users/Brayden/Documents/unreal/FirstPersonShooter/UnrealFirstPersonShooter/UnrealShooter/DerivedDataCache/Compressed.ddp not found, will not use a pak cache.
[2020.09.19-15.07.03:816][  0]LogDerivedDataCache: Unable to find inner node CompressedPak for hierarchical cache Hierarchy.
[2020.09.19-15.07.03:828][  0]LogDerivedDataCache: Display: Pak cache opened for reading ../../../Engine/DerivedDataCache/Compressed.ddp.
[2020.09.19-15.07.03:829][  0]LogDerivedDataCache: FDerivedDataBackendGraph:  EnterprisePak pak cache file ../../../Enterprise/DerivedDataCache/Compressed.ddp not found, will not use a pak cache.
[2020.09.19-15.07.03:829][  0]LogDerivedDataCache: Unable to find inner node EnterprisePak for hierarchical cache Hierarchy.
[2020.09.19-15.07.03:830][  0]LogDerivedDataCache: Using Local data cache path C:/Users/Brayden/AppData/Local/UnrealEngine/Common/DerivedDataCache: Writable
[2020.09.19-15.07.03:830][  0]LogDerivedDataCache: Shared data cache path not found in *engine.ini, will not use an Shared cache.
[2020.09.19-15.07.03:830][  0]LogDerivedDataCache: Unable to find inner node Shared for hierarchical cache Hierarchy.
[2020.09.19-15.07.03:887][  0]LogSlate: Using FreeType 2.10.0
[2020.09.19-15.07.03:888][  0]LogSlate: SlateFontServices - WITH_FREETYPE: 1, WITH_HARFBUZZ: 1
[2020.09.19-15.07.03:917][  0]LogAssetRegistry: FAssetRegistry took 0.0026 seconds to start up
[2020.09.19-15.07.04:160][  0]LogInit: Selected Device Profile: [Windows]
[2020.09.19-15.07.04:285][  0]LogMeshReduction: Using QuadricMeshReduction for automatic static mesh reduction
[2020.09.19-15.07.04:285][  0]LogMeshReduction: Using SimplygonMeshReduction for automatic skeletal mesh reduction
[2020.09.19-15.07.04:285][  0]LogMeshReduction: Using ProxyLODMeshReduction for automatic mesh merging
[2020.09.19-15.07.04:285][  0]LogMeshReduction: No distributed automatic mesh merging module available
[2020.09.19-15.07.04:285][  0]LogMeshMerging: No distributed automatic mesh merging module available
[2020.09.19-15.07.04:307][  0]LogNetVersion: UnrealShooter 1.0.0, NetCL: 13144385, EngineNetVer: 14, GameNetVer: 0 (Checksum: 1396537164)
[2020.09.19-15.07.04:789][  0]LogAISub: UAISubsystem::UAISubsystem AISubsystem (000001F4BAE04380), frame # 0
[2020.09.19-15.07.04:789][  0]LogAISub: UAISubsystem::UAISubsystem AIPerceptionSystem (000001F4BAD51D00), frame # 0
[2020.09.19-15.07.04:790][  0]LogAISub: UAISubsystem::UAISubsystem EnvQueryManager (000001F4BADBCA00), frame # 0
[2020.09.19-15.07.04:853][  0]LogPackageLocalizationCache: Processed 19 localized package path(s) for 1 prioritized culture(s) in 0.056097 seconds
[2020.09.19-15.07.04:859][  0]LogUObjectArray: 15917 objects as part of root set at end of initial load.
[2020.09.19-15.07.04:859][  0]LogUObjectAllocator: 3965568 out of 0 bytes used by permanent object pool.
[2020.09.19-15.07.04:859][  0]LogUObjectArray: CloseDisregardForGC: 0/0 objects in disregard for GC pool
[2020.09.19-15.07.05:216][  0]LogTcpMessaging: Initializing TcpMessaging bridge
[2020.09.19-15.07.05:261][  0]LogUdpMessaging: Initializing bridge on interface 0.0.0.0:0 to multicast group 230.0.0.1:6666.
[2020.09.19-15.07.05:347][  0]SourceControl: Source control is disabled
[2020.09.19-15.07.05:347][  0]SourceControl: Source control is disabled
[2020.09.19-15.07.05:351][  0]SourceControl: Source control is disabled
[2020.09.19-15.07.05:354][  0]SourceControl: Source control is disabled
[2020.09.19-15.07.05:361][  0]SourceControl: Source control is disabled
[2020.09.19-15.07.05:625][  0]LogAndroidPermission: UAndroidPermissionCallbackProxy::GetInstance
[2020.09.19-15.07.05:646][  0]LogAudioCaptureCore: Display: No Audio Capture implementations found. Audio input will be silent.
[2020.09.19-15.07.05:646][  0]LogAudioCaptureCore: Display: No Audio Capture implementations found. Audio input will be silent.
[2020.09.19-15.07.05:700][  0]LogOcInput: OculusInput pre-init called
[2020.09.19-15.07.05:711][  0]LogWindows: Failed to load 'OVRPlugin.dll' (GetLastError=126)
[2020.09.19-15.07.05:711][  0]LogWindows: File 'OVRPlugin.dll' does not exist
[2020.09.19-15.07.05:777][  0]LogEngine: Initializing Engine...
[2020.09.19-15.07.05:779][  0]LogHMD: Failed to initialize OpenVR with code 110
[2020.09.19-15.07.05:779][  0]LogMagicLeap: Warning: VR disabled because ZI is not enabled.  To enable, in the editor, Edit -> Project Settings -> Plugins -> Magic Leap Plugin -> Enable Zero Iteration
[2020.09.19-15.07.05:780][  0]LogStats: UGameplayTagsManager::InitializeManager -  0.000 s
[2020.09.19-15.07.05:915][  0]LogInit: Initializing FReadOnlyCVARCache
[2020.09.19-15.07.05:923][  0]LogAIModule: Creating AISystem for world Untitled
[2020.09.19-15.07.05:923][  0]LogAISub: UAISubsystem::UAISubsystem EnvQueryManager (000001F4C019DC00), frame # 0
[2020.09.19-15.07.05:923][  0]LogAISub: UAISubsystem::UAISubsystem AIPerceptionSystem (000001F4C01E11C0), frame # 0
[2020.09.19-15.07.05:945][  0]LogAudioMixer: Display: Audio Mixer Platform Settings:
[2020.09.19-15.07.05:945][  0]LogAudioMixer: Display: 	Sample Rate:						  48000
[2020.09.19-15.07.05:945][  0]LogAudioMixer: Display: 	Callback Buffer Frame Size Requested: 1024
[2020.09.19-15.07.05:945][  0]LogAudioMixer: Display: 	Callback Buffer Frame Size To Use:	  1024
[2020.09.19-15.07.05:945][  0]LogAudioMixer: Display: 	Number of buffers to queue:			  2
[2020.09.19-15.07.05:945][  0]LogAudioMixer: Display: 	Max Channels (voices):				  32
[2020.09.19-15.07.05:945][  0]LogAudioMixer: Display: 	Number of Async Source Workers:		  0
[2020.09.19-15.07.05:945][  0]LogAudio: Display: AudioDevice MaxSources: 32
[2020.09.19-15.07.05:946][  0]LogAudio: Display: Using built-in audio occlusion.
[2020.09.19-15.07.05:946][  0]LogAudioMixer: Display: Initializing audio mixer.
[2020.09.19-15.07.05:964][  0]LogAudioMixer: Display: 0: FrontLeft
[2020.09.19-15.07.05:964][  0]LogAudioMixer: Display: 1: FrontRight
[2020.09.19-15.07.06:030][  0]LogAudioMixer: Display: Using Audio Device Speakers / Headphones (Realtek High Definition Audio)
[2020.09.19-15.07.06:033][  0]LogAudioMixer: Display: Initializing Sound Submixes...
[2020.09.19-15.07.06:036][  0]LogAudioMixer: Display: Creating Master Submix 'MasterSubmixDefault'
[2020.09.19-15.07.06:036][  0]LogAudioMixer: Display: Creating Master Submix 'MasterReverbSubmixDefault'
[2020.09.19-15.07.06:037][  0]LogAudioMixer: Display: Creating Master Submix 'MasterEQSubmixDefault'
[2020.09.19-15.07.06:038][  0]LogInit: FAudioDevice initialized.
[2020.09.19-15.07.06:039][  0]LogNetVersion: Set ProjectVersion to 1.0.0.0. Version Checksum will be recalculated on next use.
[2020.09.19-15.07.06:178][  0]LogDerivedDataCache: Saved boot cache 0.14s 76MB C:/Users/Brayden/AppData/Local/UnrealEngine/4.25/DerivedDataCache/Boot.ddc.
[2020.09.19-15.07.06:184][  0]LogInit: Texture streaming: Enabled
[2020.09.19-15.07.06:203][  0]LogEngineSessionManager: EngineSessionManager initialized
[2020.09.19-15.07.06:203][  0]LogEditorSessionSummary: Verbose: Initializing EditorSessionSummaryWriter for editor session tracking
[2020.09.19-15.07.06:210][  0]LogEditorSessionSummary: EditorSessionSummaryWriter initialized
[2020.09.19-15.07.06:232][  0]LogInit: Transaction tracking system initialized
[2020.09.19-15.07.06:255][  0]BlueprintLog: New page: Editor Load
[2020.09.19-15.07.06:367][  0]LocalizationService: Localization service is disabled
[2020.09.19-15.07.06:589][  0]LogFileCache: Scanning file cache for directory 'C:/Users/Brayden/Documents/unreal/FirstPersonShooter/UnrealFirstPersonShooter/UnrealShooter/Content/' took 0.00s
[2020.09.19-15.07.06:589][  0]LogCook: Display: Max memory allowance for cook 16384mb min free memory 0mb
[2020.09.19-15.07.06:589][  0]LogCook: Display: Mobile HDR setting 1
[2020.09.19-15.07.06:975][  0]SourceControl: Source control is disabled
[2020.09.19-15.07.06:975][  0]LogUnrealEdMisc: Loading editor; pre map load, took 6.867
[2020.09.19-15.07.06:975][  0]Cmd: MAP LOAD FILE="../../../Engine/Content/Maps/Templates/Template_Default.umap" TEMPLATE=1 SHOWPROGRESS=1 FEATURELEVEL=3
[2020.09.19-15.07.06:976][  0]LightingResults: New page: Lighting Build
[2020.09.19-15.07.06:976][  0]LogWorld: UWorld::CleanupWorld for Untitled, bSessionEnded=true, bCleanupResources=true
[2020.09.19-15.07.06:976][  0]LogSlate: InvalidateAllWidgets triggered.  All widgets were invalidated
[2020.09.19-15.07.06:976][  0]MapCheck: New page: Map Check
[2020.09.19-15.07.06:976][  0]LightingResults: New page: Lighting Build
[2020.09.19-15.07.06:985][  0]LogAISub: UAISubsystem::~UAISubsystem EnvQueryManager (000001F4C019DC00), frame # 0
[2020.09.19-15.07.06:985][  0]LogAISub: UAISubsystem::~UAISubsystem AIPerceptionSystem (000001F4C01E11C0), frame # 0
[2020.09.19-15.07.06:986][  0]LogUObjectHash: Compacting FUObjectHashTables data took   0.86ms
[2020.09.19-15.07.07:061][  0]LogAIModule: Creating AISystem for world Untitled_1
[2020.09.19-15.07.07:061][  0]LogAISub: UAISubsystem::UAISubsystem EnvQueryManager (000001F4AA5F2400), frame # 0
[2020.09.19-15.07.07:061][  0]LogAISub: UAISubsystem::UAISubsystem AIPerceptionSystem (000001F4C0EB1800), frame # 0
[2020.09.19-15.07.07:065][  0]LogEditorServer: Finished looking for orphan Actors (0.000 secs)
[2020.09.19-15.07.07:074][  0]LogUObjectHash: Compacting FUObjectHashTables data took   0.91ms
[2020.09.19-15.07.07:074][  0]Cmd: MAP CHECKDEP NOCLEARLOG
[2020.09.19-15.07.07:075][  0]MapCheck: Map check complete: 0 Error(s), 0 Warning(s), took 0.194ms to complete.
[2020.09.19-15.07.07:075][  0]LogFileHelpers: Loading map 'Template_Default' took 0.100
[2020.09.19-15.07.07:077][  0]LogUnrealEdMisc: Total Editor Startup Time, took 6.968
[2020.09.19-15.07.07:235][  0]LogSlate: Updating window title bar state: overlay mode, drag disabled, window buttons hidden, title bar hidden
[2020.09.19-15.07.07:243][  0]LogSlate: Updating window title bar state: overlay mode, drag disabled, window buttons hidden, title bar hidden
[2020.09.19-15.07.07:251][  0]LogSlate: Updating window title bar state: overlay mode, drag disabled, window buttons hidden, title bar hidden
[2020.09.19-15.07.07:260][  0]LogSlate: Updating window title bar state: overlay mode, drag disabled, window buttons hidden, title bar hidden
[2020.09.19-15.07.07:268][  0]LogCollectionManager: Loaded 0 collections in 0.000873 seconds
[2020.09.19-15.07.07:285][  0]LogFileCache: Scanning file cache for directory 'C:/Users/Brayden/Documents/unreal/FirstPersonShooter/UnrealFirstPersonShooter/UnrealShooter/Saved/Collections/' took 0.00s
[2020.09.19-15.07.07:285][  0]LogFileCache: Scanning file cache for directory 'C:/Users/Brayden/Documents/unreal/FirstPersonShooter/UnrealFirstPersonShooter/UnrealShooter/Content/Developers/Brayden/Collections/' took 0.00s
[2020.09.19-15.07.07:285][  0]LogFileCache: Scanning file cache for directory 'C:/Users/Brayden/Documents/unreal/FirstPersonShooter/UnrealFirstPersonShooter/UnrealShooter/Content/Collections/' took 0.00s
[2020.09.19-15.07.07:285][  0]LogContentBrowser: Native class hierarchy populated in 0.0096 seconds. Added 3427 classes and 821 folders.
[2020.09.19-15.07.07:288][  0]LogContentBrowser: Native class hierarchy updated for 'WidgetCarousel' in 0.0004 seconds. Added 0 classes and 0 folders.
[2020.09.19-15.07.07:341][  0]LogContentBrowser: Native class hierarchy updated for 'AddContentDialog' in 0.0003 seconds. Added 0 classes and 0 folders.
[2020.09.19-15.07.07:342][  0]LogContentBrowser: Native class hierarchy updated for 'SceneOutliner' in 0.0003 seconds. Added 2 classes and 0 folders.
[2020.09.19-15.07.07:387][  0]LogSlate: Took 0.000230 seconds to synchronously load lazily loaded font '../../../Engine/Content/Slate/Fonts/Roboto-Regular.ttf' (155K)
[2020.09.19-15.07.07:389][  0]LogSlate: Took 0.000185 seconds to synchronously load lazily loaded font '../../../Engine/Content/Slate/Fonts/Roboto-Bold.ttf' (160K)
[2020.09.19-15.07.07:394][  0]LogSlate: Took 0.000147 seconds to synchronously load lazily loaded font '../../../Engine/Content/Editor/Slate/Fonts/FontAwesome.ttf' (139K)
[2020.09.19-15.07.07:494][  0]LogRenderer: Reallocating scene render targets to support 1128x572 Format 10 NumSamples 1 (Frame:1).
[2020.09.19-15.07.07:593][  0]LogContentBrowser: Native class hierarchy updated for 'HierarchicalLODOutliner' in 0.0003 seconds. Added 0 classes and 0 folders.
[2020.09.19-15.07.07:593][  0]LogLoad: (Engine Initialization) Total time: 7.48 seconds
[2020.09.19-15.07.07:593][  0]LogLoad: (Engine Initialization) Total Blueprint compile time: 0.00 seconds
[2020.09.19-15.07.07:632][  0]LogContentStreaming: Texture pool size now 1000 MB
[2020.09.19-15.07.21:165][390]LogAssetRegistry: Asset discovery search completed in 17.2479 seconds
[2020.09.19-15.07.21:171][390]LogCollectionManager: Fixed up redirectors for 0 collections in 0.000003 seconds (updated 0 objects)
[2020.09.19-15.49.42:838][689]LogSlate: Took 0.000186 seconds to synchronously load lazily loaded font '../../../Engine/Content/Slate/Fonts/Roboto-Light.ttf' (167K)
[2020.09.19-15.49.46:003][689]LogSlate: Window 'Pick Parent Class' being destroyed
[2020.09.19-15.49.46:054][689]LogSlate: Took 0.000157 seconds to synchronously load lazily loaded font '../../../Engine/Content/Slate/Fonts/Roboto-Light.ttf' (167K)
[2020.09.19-15.50.33:931][959]LogUObjectHash: Compacting FUObjectHashTables data took   0.85ms
[2020.09.19-15.50.33:934][959]LogFileHelpers: Editor autosave (incl. sublevels) for '/Temp/Untitled_1' took 0.013
[2020.09.19-15.50.33:934][959]OBJ SavePackage: Generating thumbnails for [0] asset(s) in package [/Game/BpGamemode] ([1] browsable assets)...
[2020.09.19-15.50.33:935][959]OBJ SavePackage: Finished generating thumbnails for package [/Game/BpGamemode]
[2020.09.19-15.50.33:947][959]LogSavePackage: Moving '../../../../../../Users/Brayden/Documents/unreal/FirstPersonShooter/UnrealFirstPersonShooter/UnrealShooter/Saved/BpGamemode_Auto14DAC086347E27AB0FB9326817525AF1C.tmp' to '../../../../../../Users/Brayden/Documents/unreal/FirstPersonShooter/UnrealFirstPersonShooter/UnrealShooter/Saved/Autosaves/Game/BpGamemode_Auto1.uasset'
[2020.09.19-15.50.33:948][959]LogFileHelpers: Auto-saving content packages took 0.014
[2020.09.19-16.41.32:801][237]LogUObjectHash: Compacting FUObjectHashTables data took   0.42ms
[2020.09.19-16.41.32:840][237]Cmd: OBJ SAVEPACKAGE PACKAGE="/Game/BpGamemode" FILE="../../../../../../Users/Brayden/Documents/unreal/FirstPersonShooter/UnrealFirstPersonShooter/UnrealShooter/Content/BpGamemode.uasset" SILENT=true
[2020.09.19-16.41.32:855][237]LogSavePackage: Moving '../../../../../../Users/Brayden/Documents/unreal/FirstPersonShooter/UnrealFirstPersonShooter/UnrealShooter/Saved/BpGamemode39A3E0C8427E45AC519792AD82AF4288.tmp' to '../../../../../../Users/Brayden/Documents/unreal/FirstPersonShooter/UnrealFirstPersonShooter/UnrealShooter/Content/BpGamemode.uasset'
[2020.09.19-16.41.32:877][237]AssetCheck: New page: Asset Save: BpGamemode
[2020.09.19-16.41.32:877][237]LogContentValidation: Display: Validating Blueprint /Game/BpGamemode.BpGamemode
[2020.09.19-16.45.40:033][913]LogSlate: Window 'Project Settings' being destroyed
[2020.09.19-16.45.40:039][913]LogSlate: Window 'Project Settings' being destroyed
[2020.09.19-16.52.38:044][139]LogEditorViewport: Clicking on Actor (LMB): PlayerStart (Player Start)
[2020.09.19-17.09.30:676][846]LogSlate: Window 'Save Level As' being destroyed
[2020.09.19-17.09.30:721][846]LogUObjectHash: Compacting FUObjectHashTables data took   0.87ms
[2020.09.19-17.09.30:744][846]LogSavePackage: Moving '../../../../../../Users/Brayden/Documents/unreal/FirstPersonShooter/UnrealFirstPersonShooter/UnrealShooter/Saved/MyLevel1B3A89F14122D1CC3D24398F1C672802.tmp' to '../../../../../../Users/Brayden/Documents/unreal/FirstPersonShooter/UnrealFirstPersonShooter/UnrealShooter/Content/MyLevel.umap'
[2020.09.19-17.09.30:790][846]LogSavePackage: Moving '../../../../../../Users/Brayden/Documents/unreal/FirstPersonShooter/UnrealFirstPersonShooter/UnrealShooter/Saved/MyLevel_BuiltDataDD13486D41A52AF6C35D589020F715EE.tmp' to '../../../../../../Users/Brayden/Documents/unreal/FirstPersonShooter/UnrealFirstPersonShooter/UnrealShooter/Content/MyLevel_BuiltData.uasset'
[2020.09.19-17.09.30:801][846]LogFileHelpers: Saving map 'MyLevel' took 0.115
[2020.09.19-17.09.30:801][846]Cmd: MAP LOAD FILE="../../../../../../Users/Brayden/Documents/unreal/FirstPersonShooter/UnrealFirstPersonShooter/UnrealShooter/Content/MyLevel.umap" TEMPLATE=0 SHOWPROGRESS=1 FEATURELEVEL=3
[2020.09.19-17.09.30:822][846]LightingResults: New page: Lighting Build
[2020.09.19-17.09.30:822][846]LoadErrors: New page: Loading map: MyLevel.umap
[2020.09.19-17.09.30:823][846]LogWorld: UWorld::CleanupWorld for MyLevel, bSessionEnded=true, bCleanupResources=true
[2020.09.19-17.09.30:823][846]LogSlate: InvalidateAllWidgets triggered.  All widgets were invalidated
[2020.09.19-17.09.30:823][846]MapCheck: New page: Map Check
[2020.09.19-17.09.30:823][846]LightingResults: New page: Lighting Build
[2020.09.19-17.09.30:833][846]LogAISub: UAISubsystem::~UAISubsystem EnvQueryManager (000001F4AA5F2400), frame # 50846
[2020.09.19-17.09.30:833][846]LogAISub: UAISubsystem::~UAISubsystem AIPerceptionSystem (000001F4C0EB1800), frame # 50846
[2020.09.19-17.09.30:834][846]LogUObjectHash: Compacting FUObjectHashTables data took   0.71ms
[2020.09.19-17.09.30:844][846]LogAIModule: Creating AISystem for world MyLevel
[2020.09.19-17.09.30:844][846]LogAISub: UAISubsystem::UAISubsystem EnvQueryManager (000001F4AA5F0A00), frame # 50846
[2020.09.19-17.09.30:844][846]LogAISub: UAISubsystem::UAISubsystem AIPerceptionSystem (000001F4DD10AC00), frame # 50846
[2020.09.19-17.09.30:849][846]LogEditorServer: Finished looking for orphan Actors (0.000 secs)
[2020.09.19-17.09.30:859][846]LogUObjectHash: Compacting FUObjectHashTables data took   0.67ms
[2020.09.19-17.09.30:892][846]Cmd: MAP CHECKDEP NOCLEARLOG
[2020.09.19-17.09.30:893][846]MapCheck: Map check complete: 0 Error(s), 0 Warning(s), took 0.153ms to complete.
[2020.09.19-17.09.30:893][846]LogFileHelpers: Loading map 'MyLevel' took 0.091
[2020.09.19-17.09.30:902][846]AssetCheck: New page: Asset Save: multiple assets
[2020.09.19-17.09.30:902][846]LogContentValidation: Display: Validating World /Game/MyLevel.MyLevel
[2020.09.19-17.09.30:902][846]LogContentValidation: Display: Validating MapBuildDataRegistry /Game/MyLevel_BuiltData.MyLevel_BuiltData
[2020.09.19-17.17.36:939][956]LogSlate: Window 'Pick Parent Class' being destroyed
[2020.09.19-17.17.53:924][964]LogUObjectHash: Compacting FUObjectHashTables data took   0.81ms
[2020.09.19-17.17.55:309][964]LogSlate: Window 'Delete Assets' being destroyed
[2020.09.19-17.17.55:396][964]LogUObjectHash: Compacting FUObjectHashTables data took   0.26ms
[2020.09.19-17.18.01:871][196]LogSlate: Window 'Pick Parent Class' being destroyed
[2020.09.19-17.18.31:978][937]LogAssetEditorSubsystem: Opening Asset editor for Blueprint /Game/BpMyCharacter.BpMyCharacter
[2020.09.19-17.18.32:227][937]LogContentBrowser: Native class hierarchy updated for 'BlueprintGraph' in 0.0006 seconds. Added 125 classes and 0 folders.
[2020.09.19-17.18.33:322][937]LogRenderer: Reallocating scene render targets to support 1128x712 Format 10 NumSamples 1 (Frame:1).
[2020.09.19-17.18.48:845][365]LogSlate: Took 0.007406 seconds to synchronously load lazily loaded font '../../../Engine/Content/Slate/Fonts/Roboto-Italic.ttf' (157K)
[2020.09.19-17.19.23:721][335]LogSlate: Warning: Ignoring SetUserFocus because it's not an active modal Window (user 0 not set to SDetailTree [SDetailsView.cpp(334)].
[2020.09.19-17.19.23:777][335]LogUObjectHash: Compacting FUObjectHashTables data took   2.53ms
[2020.09.19-17.19.23:778][335]LogFileHelpers: Editor autosave (incl. sublevels) for '/Game/MyLevel' took 0.027
[2020.09.19-17.19.23:779][335]OBJ SavePackage: Generating thumbnails for [1] asset(s) in package [/Game/BpMyCharacter] ([1] browsable assets)...
[2020.09.19-17.19.23:794][335]OBJ SavePackage:     Rendered thumbnail for [Blueprint /Game/BpMyCharacter.BpMyCharacter]
[2020.09.19-17.19.23:794][335]OBJ SavePackage: Finished generating thumbnails for package [/Game/BpMyCharacter]
[2020.09.19-17.19.23:813][335]LogSavePackage: Moving '../../../../../../Users/Brayden/Documents/unreal/FirstPersonShooter/UnrealFirstPersonShooter/UnrealShooter/Saved/BpMyCharacter_Auto2BCD32AA8404223E50E98B8BABD624E8D.tmp' to '../../../../../../Users/Brayden/Documents/unreal/FirstPersonShooter/UnrealFirstPersonShooter/UnrealShooter/Saved/Autosaves/Game/BpMyCharacter_Auto2.uasset'
[2020.09.19-17.19.23:814][335]LogFileHelpers: Auto-saving content packages took 0.035
[2020.09.19-17.20.07:620][588]BlueprintLog: New page: Compile BpMyCharacter
[2020.09.19-17.20.07:674][588]LogUObjectHash: Compacting FUObjectHashTables data took   2.22ms
[2020.09.19-17.20.07:718][588]LogSlate: Took 0.009480 seconds to synchronously load lazily loaded font '../../../Engine/Content/Slate/Fonts/DroidSansMono.ttf' (77K)
[2020.09.19-17.20.08:306][640]LogSavePackage: Moving '../../../../../../Users/Brayden/Documents/unreal/FirstPersonShooter/UnrealFirstPersonShooter/UnrealShooter/Saved/BpMyCharacterC512688A40862D58065118BAA4B65F9A.tmp' to '../../../../../../Users/Brayden/Documents/unreal/FirstPersonShooter/UnrealFirstPersonShooter/UnrealShooter/Content/BpMyCharacter.uasset'
[2020.09.19-17.20.08:331][640]AssetCheck: New page: Asset Save: BpMyCharacter
[2020.09.19-17.20.08:331][640]LogContentValidation: Display: Validating Blueprint /Game/BpMyCharacter.BpMyCharacter
[2020.09.19-17.20.48:438][976]LogSlate: Window 'BpMyCharacter' being destroyed
[2020.09.19-17.20.48:444][976]LogSlate: Window 'BpMyCharacter' being destroyed
[2020.09.19-17.20.48:464][976]LogWorld: UWorld::CleanupWorld for World_1, bSessionEnded=true, bCleanupResources=true
[2020.09.19-17.20.48:464][976]LogSlate: InvalidateAllWidgets triggered.  All widgets were invalidated
[2020.09.19-17.20.50:258][173]LogAssetEditorSubsystem: Opening Asset editor for Blueprint /Game/BpGamemode.BpGamemode
[2020.09.19-17.21.01:707][258]LogSlate: Prevented a slow task dialog from being summoned while a context menu was open
[2020.09.19-17.21.16:105][863]BlueprintLog: New page: Compile BpGamemode
[2020.09.19-17.21.16:143][863]LogUObjectHash: Compacting FUObjectHashTables data took   2.38ms
[2020.09.19-17.21.16:922][936]Cmd: OBJ SAVEPACKAGE PACKAGE="/Game/BpGamemode" FILE="../../../../../../Users/Brayden/Documents/unreal/FirstPersonShooter/UnrealFirstPersonShooter/UnrealShooter/Content/BpGamemode.uasset" SILENT=true
[2020.09.19-17.21.16:942][936]LogSavePackage: Moving '../../../../../../Users/Brayden/Documents/unreal/FirstPersonShooter/UnrealFirstPersonShooter/UnrealShooter/Saved/BpGamemode327EDD704BE74A77BEAA8AB9658A93D0.tmp' to '../../../../../../Users/Brayden/Documents/unreal/FirstPersonShooter/UnrealFirstPersonShooter/UnrealShooter/Content/BpGamemode.uasset'
[2020.09.19-17.21.16:961][936]AssetCheck: New page: Asset Save: BpGamemode
[2020.09.19-17.21.16:961][936]LogContentValidation: Display: Validating Blueprint /Game/BpGamemode.BpGamemode
[2020.09.19-17.21.38:650][491]LogSlate: Window 'BpGamemode' being destroyed
[2020.09.19-17.21.38:652][491]LogSlate: Window 'BpGamemode' being destroyed
[2020.09.19-17.21.38:665][491]LogWorld: UWorld::CleanupWorld for World_4, bSessionEnded=true, bCleanupResources=true
[2020.09.19-17.21.38:665][491]LogSlate: InvalidateAllWidgets triggered.  All widgets were invalidated
[2020.09.19-17.22.06:148][549]LogSlate: Prevented a slow task dialog from being summoned while a context menu was open
[2020.09.19-17.23.02:661][932]LogSlate: Window 'Project Settings' being destroyed
[2020.09.19-17.23.02:666][932]LogSlate: Window 'Project Settings' being destroyed
[2020.09.19-17.23.23:107][786]LogUObjectHash: Compacting FUObjectHashTables data took   2.58ms
